TN:
SF:app\backend\dao\displayDAO.js
FN:4,(anonymous_0)
FN:8,(anonymous_1)
FN:15,(anonymous_2)
FNF:3
FNH:3
FNDA:2,(anonymous_0)
FNDA:2,(anonymous_1)
FNDA:2,(anonymous_2)
DA:1,1
DA:5,2
DA:9,2
DA:15,2
DA:16,2
DA:21,1
LF:6
LH:6
BRF:0
BRH:0
end_of_record
TN:
SF:tests\login_signup.js
FN:1,validateEmail
FN:17,togglePasswordVisibility
FNF:2
FNH:2
FNDA:2,validateEmail
FNDA:2,togglePasswordVisibility
DA:2,2
DA:3,2
DA:4,2
DA:6,2
DA:8,2
DA:9,1
DA:10,1
DA:12,1
DA:13,1
DA:18,2
DA:19,2
DA:20,2
DA:21,1
DA:22,1
DA:24,1
DA:25,1
DA:30,1
LF:17
LH:17
BRDA:8,0,0,1
BRDA:8,0,1,1
BRDA:8,1,0,2
BRDA:8,1,1,1
BRDA:20,2,0,1
BRDA:20,2,1,1
BRF:6
BRH:6
end_of_record
